<?xml version="1.0" encoding="UTF-8"?>
<testsuite name="test.java.com.thoughtworks.wallet.WalletTest" tests="4" skipped="0" failures="0" errors="0" timestamp="2024-01-19T04:56:27" hostname="gurushifu-gurushifugitp-t7818ants9i" time="0.029">
  <properties/>
  <testcase name="shouldThrowExceptionWhenWeAddNegativeAmountInTheWallet()" classname="test.java.com.thoughtworks.wallet.WalletTest" time="0.02"/>
  <testcase name="shouldReturnBalance100WhenWeAdd50RupeesTwoTimesInTheWallet()" classname="test.java.com.thoughtworks.wallet.WalletTest" time="0.002"/>
  <testcase name="shouldReturnBalance0WhenWeInitializeTheWallet()" classname="test.java.com.thoughtworks.wallet.WalletTest" time="0.001"/>
  <testcase name="shouldReturnBalance10WhenWeAdd10RupeesInTheWallet()" classname="test.java.com.thoughtworks.wallet.WalletTest" time="0.001"/>
  <system-out><![CDATA[]]></system-out>
  <system-err><![CDATA[]]></system-err>
</testsuite>
