<?xml version="1.0" encoding="UTF-8"?>
<testsuite name="test.java.com.thoughtworks.wallet.WalletTest" tests="1" skipped="0" failures="0" errors="0" timestamp="2024-01-18T05:10:35" hostname="gurushifu-gurushifugitp-t7818ants9i" time="0.013">
  <properties/>
  <testcase name="shouldReturnBalance10WhenWeAdd10RupeesInTheWallet()" classname="test.java.com.thoughtworks.wallet.WalletTest" time="0.013"/>
  <system-out><![CDATA[]]></system-out>
  <system-err><![CDATA[]]></system-err>
</testsuite>
