<?xml version="1.0" encoding="UTF-8"?>
<testsuite name="com.thoughtworks.rectangle.RectangleTest" tests="2" skipped="0" failures="0" errors="0" timestamp="2024-01-06T11:31:07" hostname="gurushifu-gurushifugitp-t7818ants9i" time="0.017">
  <properties/>
  <testcase name="shouldReturnAreaOf10000WhenLengthIs100AndBreadthIs100()" classname="com.thoughtworks.rectangle.RectangleTest" time="0.014"/>
  <testcase name="shouldReturnPerimeterOf40WhenLengthIs10AndBreadthIs10()" classname="com.thoughtworks.rectangle.RectangleTest" time="0.001"/>
  <system-out><![CDATA[]]></system-out>
  <system-err><![CDATA[]]></system-err>
</testsuite>
