<?xml version="1.0" encoding="UTF-8"?>
<testsuite name="com.thoughtworks.rectangle.RectangleTest" tests="1" skipped="0" failures="0" errors="0" timestamp="2024-01-06T09:47:46" hostname="gurushifu-gurushifugitp-t7818ants9i" time="0.013">
  <properties/>
  <testcase name="ShouldReturn10000WhenLengthIs100AndBreadthIs100()" classname="com.thoughtworks.rectangle.RectangleTest" time="0.013"/>
  <system-out><![CDATA[]]></system-out>
  <system-err><![CDATA[]]></system-err>
</testsuite>
